The system is: Linux - 2.6.32-696.6.3.el6.centos.plus.x86_64 - x86_64
Compiling the C compiler identification source file "CMakeCCompilerId.c" succeeded.
Compiler: /share/apps/gnu/gcc-6.4.0/bin/gcc 
Build flags: 
Id flags: 

The output was:
0


Compilation of the C compiler identification source "CMakeCCompilerId.c" produced "a.out"

The C compiler identification is GNU, found in "/home/cchen/matrix/partition/Metis/mt-metis-0.6.0/build/Linux-x86_64/CMakeFiles/2.8.12.2/CompilerIdC/a.out"

Compiling the CXX compiler identification source file "CMakeCXXCompilerId.cpp" succeeded.
Compiler: /share/apps/gnu/gcc-6.4.0/bin/g++ 
Build flags: 
Id flags: 

The output was:
0


Compilation of the CXX compiler identification source "CMakeCXXCompilerId.cpp" produced "a.out"

The CXX compiler identification is GNU, found in "/home/cchen/matrix/partition/Metis/mt-metis-0.6.0/build/Linux-x86_64/CMakeFiles/2.8.12.2/CompilerIdCXX/a.out"

Determining if the C compiler works passed with the following output:
Change Dir: /home/cchen/matrix/partition/Metis/mt-metis-0.6.0/build/Linux-x86_64/CMakeFiles/CMakeTmp

Run Build Command:/usr/bin/gmake "cmTryCompileExec1347641332/fast"
/usr/bin/gmake -f CMakeFiles/cmTryCompileExec1347641332.dir/build.make CMakeFiles/cmTryCompileExec1347641332.dir/build
gmake[1]: Entering directory `/home/cchen/matrix/partition/Metis/mt-metis-0.6.0/build/Linux-x86_64/CMakeFiles/CMakeTmp'
/usr/bin/cmake -E cmake_progress_report /home/cchen/matrix/partition/Metis/mt-metis-0.6.0/build/Linux-x86_64/CMakeFiles/CMakeTmp/CMakeFiles 1
Building C object CMakeFiles/cmTryCompileExec1347641332.dir/testCCompiler.c.o
/share/apps/gnu/gcc-6.4.0/bin/gcc    -o CMakeFiles/cmTryCompileExec1347641332.dir/testCCompiler.c.o   -c /home/cchen/matrix/partition/Metis/mt-metis-0.6.0/build/Linux-x86_64/CMakeFiles/CMakeTmp/testCCompiler.c
Linking C executable cmTryCompileExec1347641332
/usr/bin/cmake -E cmake_link_script CMakeFiles/cmTryCompileExec1347641332.dir/link.txt --verbose=1
/share/apps/gnu/gcc-6.4.0/bin/gcc       CMakeFiles/cmTryCompileExec1347641332.dir/testCCompiler.c.o  -o cmTryCompileExec1347641332 -rdynamic 
gmake[1]: Leaving directory `/home/cchen/matrix/partition/Metis/mt-metis-0.6.0/build/Linux-x86_64/CMakeFiles/CMakeTmp'


Detecting C compiler ABI info compiled with the following output:
Change Dir: /home/cchen/matrix/partition/Metis/mt-metis-0.6.0/build/Linux-x86_64/CMakeFiles/CMakeTmp

Run Build Command:/usr/bin/gmake "cmTryCompileExec2432285821/fast"
/usr/bin/gmake -f CMakeFiles/cmTryCompileExec2432285821.dir/build.make CMakeFiles/cmTryCompileExec2432285821.dir/build
gmake[1]: Entering directory `/home/cchen/matrix/partition/Metis/mt-metis-0.6.0/build/Linux-x86_64/CMakeFiles/CMakeTmp'
/usr/bin/cmake -E cmake_progress_report /home/cchen/matrix/partition/Metis/mt-metis-0.6.0/build/Linux-x86_64/CMakeFiles/CMakeTmp/CMakeFiles 1
Building C object CMakeFiles/cmTryCompileExec2432285821.dir/CMakeCCompilerABI.c.o
/share/apps/gnu/gcc-6.4.0/bin/gcc    -o CMakeFiles/cmTryCompileExec2432285821.dir/CMakeCCompilerABI.c.o   -c /usr/share/cmake/Modules/CMakeCCompilerABI.c
Linking C executable cmTryCompileExec2432285821
/usr/bin/cmake -E cmake_link_script CMakeFiles/cmTryCompileExec2432285821.dir/link.txt --verbose=1
/share/apps/gnu/gcc-6.4.0/bin/gcc     -v CMakeFiles/cmTryCompileExec2432285821.dir/CMakeCCompilerABI.c.o  -o cmTryCompileExec2432285821 -rdynamic  
Using built-in specs.
COLLECT_GCC=/share/apps/gnu/gcc-6.4.0/bin/gcc
COLLECT_LTO_WRAPPER=/share/apps/gnu/gcc-6.4.0/libexec/gcc/x86_64-pc-linux-gnu/6.4.0/lto-wrapper
Target: x86_64-pc-linux-gnu
Configured with: ../gcc-6.4.0/configure --prefix=/share/apps/gnu/gcc-6.4.0 --disable-multilib
Thread model: posix
gcc version 6.4.0 (GCC) 
COMPILER_PATH=/share/apps/gnu/gcc-6.4.0/libexec/gcc/x86_64-pc-linux-gnu/6.4.0/:/share/apps/gnu/gcc-6.4.0/libexec/gcc/x86_64-pc-linux-gnu/6.4.0/:/share/apps/gnu/gcc-6.4.0/libexec/gcc/x86_64-pc-linux-gnu/:/share/apps/gnu/gcc-6.4.0/lib/gcc/x86_64-pc-linux-gnu/6.4.0/:/share/apps/gnu/gcc-6.4.0/lib/gcc/x86_64-pc-linux-gnu/
LIBRARY_PATH=/share/apps/gnu/gcc-6.4.0/lib/gcc/x86_64-pc-linux-gnu/6.4.0/:/share/apps/gnu/gcc-6.4.0/lib/gcc/x86_64-pc-linux-gnu/6.4.0/../../../../lib64/:/lib/../lib64/:/usr/lib/../lib64/:/share/apps2/intel-2016/compilers_and_libraries_2016.1.150/linux/ipp/lib/intel64/:/share/apps2/intel-2016/compilers_and_libraries_2016.1.150/linux/compiler/lib/intel64/:/share/apps2/intel-2016/compilers_and_libraries_2016.1.150/linux/mkl/lib/intel64/:/share/apps2/intel-2016/compilers_and_libraries_2016.1.150/linux/tbb/lib/intel64/gcc4.4/:/share/apps2/intel-2016/compilers_and_libraries_2016.1.150/linux/daal/lib/intel64_lin/:/share/apps2/intel-2016/tbb/lib/intel64_lin/gcc4.4/:/share/apps/gnu/gcc-6.4.0/lib/gcc/x86_64-pc-linux-gnu/6.4.0/../../../:/lib/:/usr/lib/
COLLECT_GCC_OPTIONS='-v' '-o' 'cmTryCompileExec2432285821' '-rdynamic' '-mtune=generic' '-march=x86-64'
 /share/apps/gnu/gcc-6.4.0/libexec/gcc/x86_64-pc-linux-gnu/6.4.0/collect2 --eh-frame-hdr -m elf_x86_64 -export-dynamic -dynamic-linker /lib64/ld-linux-x86-64.so.2 -o cmTryCompileExec2432285821 /usr/lib/../lib64/crt1.o /usr/lib/../lib64/crti.o /share/apps/gnu/gcc-6.4.0/lib/gcc/x86_64-pc-linux-gnu/6.4.0/crtbegin.o -L/share/apps/gnu/gcc-6.4.0/lib/gcc/x86_64-pc-linux-gnu/6.4.0 -L/share/apps/gnu/gcc-6.4.0/lib/gcc/x86_64-pc-linux-gnu/6.4.0/../../../../lib64 -L/lib/../lib64 -L/usr/lib/../lib64 -L/share/apps2/intel-2016/compilers_and_libraries_2016.1.150/linux/ipp/lib/intel64 -L/share/apps2/intel-2016/compilers_and_libraries_2016.1.150/linux/compiler/lib/intel64 -L/share/apps2/intel-2016/compilers_and_libraries_2016.1.150/linux/mkl/lib/intel64 -L/share/apps2/intel-2016/compilers_and_libraries_2016.1.150/linux/tbb/lib/intel64/gcc4.4 -L/share/apps2/intel-2016/compilers_and_libraries_2016.1.150/linux/daal/lib/intel64_lin -L/share/apps2/intel-2016/tbb/lib/intel64_lin/gcc4.4 -L/share/apps/gnu/gcc-6.4.0/lib/gcc/x86_64-pc-linux-gnu/6.4.0/../../.. CMakeFiles/cmTryCompileExec2432285821.dir/CMakeCCompilerABI.c.o -lgcc --as-needed -lgcc_s --no-as-needed -lc -lgcc --as-needed -lgcc_s --no-as-needed /share/apps/gnu/gcc-6.4.0/lib/gcc/x86_64-pc-linux-gnu/6.4.0/crtend.o /usr/lib/../lib64/crtn.o
COLLECT_GCC_OPTIONS='-v' '-o' 'cmTryCompileExec2432285821' '-rdynamic' '-mtune=generic' '-march=x86-64'
gmake[1]: Leaving directory `/home/cchen/matrix/partition/Metis/mt-metis-0.6.0/build/Linux-x86_64/CMakeFiles/CMakeTmp'


Parsed C implicit link information from above output:
  link line regex: [^( *|.*[/\])(ld|([^/\]+-)?ld|collect2)[^/\]*( |$)]
  ignore line: [Change Dir: /home/cchen/matrix/partition/Metis/mt-metis-0.6.0/build/Linux-x86_64/CMakeFiles/CMakeTmp]
  ignore line: []
  ignore line: [Run Build Command:/usr/bin/gmake "cmTryCompileExec2432285821/fast"]
  ignore line: [/usr/bin/gmake -f CMakeFiles/cmTryCompileExec2432285821.dir/build.make CMakeFiles/cmTryCompileExec2432285821.dir/build]
  ignore line: [gmake[1]: Entering directory `/home/cchen/matrix/partition/Metis/mt-metis-0.6.0/build/Linux-x86_64/CMakeFiles/CMakeTmp']
  ignore line: [/usr/bin/cmake -E cmake_progress_report /home/cchen/matrix/partition/Metis/mt-metis-0.6.0/build/Linux-x86_64/CMakeFiles/CMakeTmp/CMakeFiles 1]
  ignore line: [Building C object CMakeFiles/cmTryCompileExec2432285821.dir/CMakeCCompilerABI.c.o]
  ignore line: [/share/apps/gnu/gcc-6.4.0/bin/gcc    -o CMakeFiles/cmTryCompileExec2432285821.dir/CMakeCCompilerABI.c.o   -c /usr/share/cmake/Modules/CMakeCCompilerABI.c]
  ignore line: [Linking C executable cmTryCompileExec2432285821]
  ignore line: [/usr/bin/cmake -E cmake_link_script CMakeFiles/cmTryCompileExec2432285821.dir/link.txt --verbose=1]
  ignore line: [/share/apps/gnu/gcc-6.4.0/bin/gcc     -v CMakeFiles/cmTryCompileExec2432285821.dir/CMakeCCompilerABI.c.o  -o cmTryCompileExec2432285821 -rdynamic  ]
  ignore line: [Using built-in specs.]
  ignore line: [COLLECT_GCC=/share/apps/gnu/gcc-6.4.0/bin/gcc]
  ignore line: [COLLECT_LTO_WRAPPER=/share/apps/gnu/gcc-6.4.0/libexec/gcc/x86_64-pc-linux-gnu/6.4.0/lto-wrapper]
  ignore line: [Target: x86_64-pc-linux-gnu]
  ignore line: [Configured with: ../gcc-6.4.0/configure --prefix=/share/apps/gnu/gcc-6.4.0 --disable-multilib]
  ignore line: [Thread model: posix]
  ignore line: [gcc version 6.4.0 (GCC) ]
  ignore line: [COMPILER_PATH=/share/apps/gnu/gcc-6.4.0/libexec/gcc/x86_64-pc-linux-gnu/6.4.0/:/share/apps/gnu/gcc-6.4.0/libexec/gcc/x86_64-pc-linux-gnu/6.4.0/:/share/apps/gnu/gcc-6.4.0/libexec/gcc/x86_64-pc-linux-gnu/:/share/apps/gnu/gcc-6.4.0/lib/gcc/x86_64-pc-linux-gnu/6.4.0/:/share/apps/gnu/gcc-6.4.0/lib/gcc/x86_64-pc-linux-gnu/]
  ignore line: [LIBRARY_PATH=/share/apps/gnu/gcc-6.4.0/lib/gcc/x86_64-pc-linux-gnu/6.4.0/:/share/apps/gnu/gcc-6.4.0/lib/gcc/x86_64-pc-linux-gnu/6.4.0/../../../../lib64/:/lib/../lib64/:/usr/lib/../lib64/:/share/apps2/intel-2016/compilers_and_libraries_2016.1.150/linux/ipp/lib/intel64/:/share/apps2/intel-2016/compilers_and_libraries_2016.1.150/linux/compiler/lib/intel64/:/share/apps2/intel-2016/compilers_and_libraries_2016.1.150/linux/mkl/lib/intel64/:/share/apps2/intel-2016/compilers_and_libraries_2016.1.150/linux/tbb/lib/intel64/gcc4.4/:/share/apps2/intel-2016/compilers_and_libraries_2016.1.150/linux/daal/lib/intel64_lin/:/share/apps2/intel-2016/tbb/lib/intel64_lin/gcc4.4/:/share/apps/gnu/gcc-6.4.0/lib/gcc/x86_64-pc-linux-gnu/6.4.0/../../../:/lib/:/usr/lib/]
  ignore line: [COLLECT_GCC_OPTIONS='-v' '-o' 'cmTryCompileExec2432285821' '-rdynamic' '-mtune=generic' '-march=x86-64']
  link line: [ /share/apps/gnu/gcc-6.4.0/libexec/gcc/x86_64-pc-linux-gnu/6.4.0/collect2 --eh-frame-hdr -m elf_x86_64 -export-dynamic -dynamic-linker /lib64/ld-linux-x86-64.so.2 -o cmTryCompileExec2432285821 /usr/lib/../lib64/crt1.o /usr/lib/../lib64/crti.o /share/apps/gnu/gcc-6.4.0/lib/gcc/x86_64-pc-linux-gnu/6.4.0/crtbegin.o -L/share/apps/gnu/gcc-6.4.0/lib/gcc/x86_64-pc-linux-gnu/6.4.0 -L/share/apps/gnu/gcc-6.4.0/lib/gcc/x86_64-pc-linux-gnu/6.4.0/../../../../lib64 -L/lib/../lib64 -L/usr/lib/../lib64 -L/share/apps2/intel-2016/compilers_and_libraries_2016.1.150/linux/ipp/lib/intel64 -L/share/apps2/intel-2016/compilers_and_libraries_2016.1.150/linux/compiler/lib/intel64 -L/share/apps2/intel-2016/compilers_and_libraries_2016.1.150/linux/mkl/lib/intel64 -L/share/apps2/intel-2016/compilers_and_libraries_2016.1.150/linux/tbb/lib/intel64/gcc4.4 -L/share/apps2/intel-2016/compilers_and_libraries_2016.1.150/linux/daal/lib/intel64_lin -L/share/apps2/intel-2016/tbb/lib/intel64_lin/gcc4.4 -L/share/apps/gnu/gcc-6.4.0/lib/gcc/x86_64-pc-linux-gnu/6.4.0/../../.. CMakeFiles/cmTryCompileExec2432285821.dir/CMakeCCompilerABI.c.o -lgcc --as-needed -lgcc_s --no-as-needed -lc -lgcc --as-needed -lgcc_s --no-as-needed /share/apps/gnu/gcc-6.4.0/lib/gcc/x86_64-pc-linux-gnu/6.4.0/crtend.o /usr/lib/../lib64/crtn.o]
    arg [/share/apps/gnu/gcc-6.4.0/libexec/gcc/x86_64-pc-linux-gnu/6.4.0/collect2] ==> ignore
    arg [--eh-frame-hdr] ==> ignore
    arg [-m] ==> ignore
    arg [elf_x86_64] ==> ignore
    arg [-export-dynamic] ==> ignore
    arg [-dynamic-linker] ==> ignore
    arg [/lib64/ld-linux-x86-64.so.2] ==> ignore
    arg [-o] ==> ignore
    arg [cmTryCompileExec2432285821] ==> ignore
    arg [/usr/lib/../lib64/crt1.o] ==> ignore
    arg [/usr/lib/../lib64/crti.o] ==> ignore
    arg [/share/apps/gnu/gcc-6.4.0/lib/gcc/x86_64-pc-linux-gnu/6.4.0/crtbegin.o] ==> ignore
    arg [-L/share/apps/gnu/gcc-6.4.0/lib/gcc/x86_64-pc-linux-gnu/6.4.0] ==> dir [/share/apps/gnu/gcc-6.4.0/lib/gcc/x86_64-pc-linux-gnu/6.4.0]
    arg [-L/share/apps/gnu/gcc-6.4.0/lib/gcc/x86_64-pc-linux-gnu/6.4.0/../../../../lib64] ==> dir [/share/apps/gnu/gcc-6.4.0/lib/gcc/x86_64-pc-linux-gnu/6.4.0/../../../../lib64]
    arg [-L/lib/../lib64] ==> dir [/lib/../lib64]
    arg [-L/usr/lib/../lib64] ==> dir [/usr/lib/../lib64]
    arg [-L/share/apps2/intel-2016/compilers_and_libraries_2016.1.150/linux/ipp/lib/intel64] ==> dir [/share/apps2/intel-2016/compilers_and_libraries_2016.1.150/linux/ipp/lib/intel64]
    arg [-L/share/apps2/intel-2016/compilers_and_libraries_2016.1.150/linux/compiler/lib/intel64] ==> dir [/share/apps2/intel-2016/compilers_and_libraries_2016.1.150/linux/compiler/lib/intel64]
    arg [-L/share/apps2/intel-2016/compilers_and_libraries_2016.1.150/linux/mkl/lib/intel64] ==> dir [/share/apps2/intel-2016/compilers_and_libraries_2016.1.150/linux/mkl/lib/intel64]
    arg [-L/share/apps2/intel-2016/compilers_and_libraries_2016.1.150/linux/tbb/lib/intel64/gcc4.4] ==> dir [/share/apps2/intel-2016/compilers_and_libraries_2016.1.150/linux/tbb/lib/intel64/gcc4.4]
    arg [-L/share/apps2/intel-2016/compilers_and_libraries_2016.1.150/linux/daal/lib/intel64_lin] ==> dir [/share/apps2/intel-2016/compilers_and_libraries_2016.1.150/linux/daal/lib/intel64_lin]
    arg [-L/share/apps2/intel-2016/tbb/lib/intel64_lin/gcc4.4] ==> dir [/share/apps2/intel-2016/tbb/lib/intel64_lin/gcc4.4]
    arg [-L/share/apps/gnu/gcc-6.4.0/lib/gcc/x86_64-pc-linux-gnu/6.4.0/../../..] ==> dir [/share/apps/gnu/gcc-6.4.0/lib/gcc/x86_64-pc-linux-gnu/6.4.0/../../..]
    arg [CMakeFiles/cmTryCompileExec2432285821.dir/CMakeCCompilerABI.c.o] ==> ignore
    arg [-lgcc] ==> lib [gcc]
    arg [--as-needed] ==> ignore
    arg [-lgcc_s] ==> lib [gcc_s]
    arg [--no-as-needed] ==> ignore
    arg [-lc] ==> lib [c]
    arg [-lgcc] ==> lib [gcc]
    arg [--as-needed] ==> ignore
    arg [-lgcc_s] ==> lib [gcc_s]
    arg [--no-as-needed] ==> ignore
    arg [/share/apps/gnu/gcc-6.4.0/lib/gcc/x86_64-pc-linux-gnu/6.4.0/crtend.o] ==> ignore
    arg [/usr/lib/../lib64/crtn.o] ==> ignore
  remove lib [gcc]
  remove lib [gcc_s]
  remove lib [gcc]
  remove lib [gcc_s]
  collapse library dir [/share/apps/gnu/gcc-6.4.0/lib/gcc/x86_64-pc-linux-gnu/6.4.0] ==> [/share/apps/gnu/gcc-6.4.0/lib/gcc/x86_64-pc-linux-gnu/6.4.0]
  collapse library dir [/share/apps/gnu/gcc-6.4.0/lib/gcc/x86_64-pc-linux-gnu/6.4.0/../../../../lib64] ==> [/share/apps/gnu/gcc-6.4.0/lib64]
  collapse library dir [/lib/../lib64] ==> [/lib64]
  collapse library dir [/usr/lib/../lib64] ==> [/usr/lib64]
  collapse library dir [/share/apps2/intel-2016/compilers_and_libraries_2016.1.150/linux/ipp/lib/intel64] ==> [/share/apps2/intel-2016/compilers_and_libraries_2016.1.150/linux/ipp/lib/intel64]
  collapse library dir [/share/apps2/intel-2016/compilers_and_libraries_2016.1.150/linux/compiler/lib/intel64] ==> [/share/apps2/intel-2016/compilers_and_libraries_2016.1.150/linux/compiler/lib/intel64]
  collapse library dir [/share/apps2/intel-2016/compilers_and_libraries_2016.1.150/linux/mkl/lib/intel64] ==> [/share/apps2/intel-2016/compilers_and_libraries_2016.1.150/linux/mkl/lib/intel64]
  collapse library dir [/share/apps2/intel-2016/compilers_and_libraries_2016.1.150/linux/tbb/lib/intel64/gcc4.4] ==> [/share/apps2/intel-2016/compilers_and_libraries_2016.1.150/linux/tbb/lib/intel64/gcc4.4]
  collapse library dir [/share/apps2/intel-2016/compilers_and_libraries_2016.1.150/linux/daal/lib/intel64_lin] ==> [/share/apps2/intel-2016/compilers_and_libraries_2016.1.150/linux/daal/lib/intel64_lin]
  collapse library dir [/share/apps2/intel-2016/tbb/lib/intel64_lin/gcc4.4] ==> [/share/apps2/intel-2016/tbb/lib/intel64_lin/gcc4.4]
  collapse library dir [/share/apps/gnu/gcc-6.4.0/lib/gcc/x86_64-pc-linux-gnu/6.4.0/../../..] ==> [/share/apps/gnu/gcc-6.4.0/lib]
  implicit libs: [c]
  implicit dirs: [/share/apps/gnu/gcc-6.4.0/lib/gcc/x86_64-pc-linux-gnu/6.4.0;/share/apps/gnu/gcc-6.4.0/lib64;/lib64;/usr/lib64;/share/apps2/intel-2016/compilers_and_libraries_2016.1.150/linux/ipp/lib/intel64;/share/apps2/intel-2016/compilers_and_libraries_2016.1.150/linux/compiler/lib/intel64;/share/apps2/intel-2016/compilers_and_libraries_2016.1.150/linux/mkl/lib/intel64;/share/apps2/intel-2016/compilers_and_libraries_2016.1.150/linux/tbb/lib/intel64/gcc4.4;/share/apps2/intel-2016/compilers_and_libraries_2016.1.150/linux/daal/lib/intel64_lin;/share/apps2/intel-2016/tbb/lib/intel64_lin/gcc4.4;/share/apps/gnu/gcc-6.4.0/lib]
  implicit fwks: []


Determining if the CXX compiler works passed with the following output:
Change Dir: /home/cchen/matrix/partition/Metis/mt-metis-0.6.0/build/Linux-x86_64/CMakeFiles/CMakeTmp

Run Build Command:/usr/bin/gmake "cmTryCompileExec2928000750/fast"
/usr/bin/gmake -f CMakeFiles/cmTryCompileExec2928000750.dir/build.make CMakeFiles/cmTryCompileExec2928000750.dir/build
gmake[1]: Entering directory `/home/cchen/matrix/partition/Metis/mt-metis-0.6.0/build/Linux-x86_64/CMakeFiles/CMakeTmp'
/usr/bin/cmake -E cmake_progress_report /home/cchen/matrix/partition/Metis/mt-metis-0.6.0/build/Linux-x86_64/CMakeFiles/CMakeTmp/CMakeFiles 1
Building CXX object CMakeFiles/cmTryCompileExec2928000750.dir/testCXXCompiler.cxx.o
/share/apps/gnu/gcc-6.4.0/bin/g++     -o CMakeFiles/cmTryCompileExec2928000750.dir/testCXXCompiler.cxx.o -c /home/cchen/matrix/partition/Metis/mt-metis-0.6.0/build/Linux-x86_64/CMakeFiles/CMakeTmp/testCXXCompiler.cxx
Linking CXX executable cmTryCompileExec2928000750
/usr/bin/cmake -E cmake_link_script CMakeFiles/cmTryCompileExec2928000750.dir/link.txt --verbose=1
/share/apps/gnu/gcc-6.4.0/bin/g++        CMakeFiles/cmTryCompileExec2928000750.dir/testCXXCompiler.cxx.o  -o cmTryCompileExec2928000750 -rdynamic 
gmake[1]: Leaving directory `/home/cchen/matrix/partition/Metis/mt-metis-0.6.0/build/Linux-x86_64/CMakeFiles/CMakeTmp'


Detecting CXX compiler ABI info compiled with the following output:
Change Dir: /home/cchen/matrix/partition/Metis/mt-metis-0.6.0/build/Linux-x86_64/CMakeFiles/CMakeTmp

Run Build Command:/usr/bin/gmake "cmTryCompileExec3555819294/fast"
/usr/bin/gmake -f CMakeFiles/cmTryCompileExec3555819294.dir/build.make CMakeFiles/cmTryCompileExec3555819294.dir/build
gmake[1]: Entering directory `/home/cchen/matrix/partition/Metis/mt-metis-0.6.0/build/Linux-x86_64/CMakeFiles/CMakeTmp'
/usr/bin/cmake -E cmake_progress_report /home/cchen/matrix/partition/Metis/mt-metis-0.6.0/build/Linux-x86_64/CMakeFiles/CMakeTmp/CMakeFiles 1
Building CXX object CMakeFiles/cmTryCompileExec3555819294.dir/CMakeCXXCompilerABI.cpp.o
/share/apps/gnu/gcc-6.4.0/bin/g++     -o CMakeFiles/cmTryCompileExec3555819294.dir/CMakeCXXCompilerABI.cpp.o -c /usr/share/cmake/Modules/CMakeCXXCompilerABI.cpp
Linking CXX executable cmTryCompileExec3555819294
/usr/bin/cmake -E cmake_link_script CMakeFiles/cmTryCompileExec3555819294.dir/link.txt --verbose=1
/share/apps/gnu/gcc-6.4.0/bin/g++      -v CMakeFiles/cmTryCompileExec3555819294.dir/CMakeCXXCompilerABI.cpp.o  -o cmTryCompileExec3555819294 -rdynamic  
Using built-in specs.
COLLECT_GCC=/share/apps/gnu/gcc-6.4.0/bin/g++
COLLECT_LTO_WRAPPER=/share/apps/gnu/gcc-6.4.0/libexec/gcc/x86_64-pc-linux-gnu/6.4.0/lto-wrapper
Target: x86_64-pc-linux-gnu
Configured with: ../gcc-6.4.0/configure --prefix=/share/apps/gnu/gcc-6.4.0 --disable-multilib
Thread model: posix
gcc version 6.4.0 (GCC) 
COMPILER_PATH=/share/apps/gnu/gcc-6.4.0/libexec/gcc/x86_64-pc-linux-gnu/6.4.0/:/share/apps/gnu/gcc-6.4.0/libexec/gcc/x86_64-pc-linux-gnu/6.4.0/:/share/apps/gnu/gcc-6.4.0/libexec/gcc/x86_64-pc-linux-gnu/:/share/apps/gnu/gcc-6.4.0/lib/gcc/x86_64-pc-linux-gnu/6.4.0/:/share/apps/gnu/gcc-6.4.0/lib/gcc/x86_64-pc-linux-gnu/
LIBRARY_PATH=/share/apps/gnu/gcc-6.4.0/lib/gcc/x86_64-pc-linux-gnu/6.4.0/:/share/apps/gnu/gcc-6.4.0/lib/gcc/x86_64-pc-linux-gnu/6.4.0/../../../../lib64/:/lib/../lib64/:/usr/lib/../lib64/:/share/apps2/intel-2016/compilers_and_libraries_2016.1.150/linux/ipp/lib/intel64/:/share/apps2/intel-2016/compilers_and_libraries_2016.1.150/linux/compiler/lib/intel64/:/share/apps2/intel-2016/compilers_and_libraries_2016.1.150/linux/mkl/lib/intel64/:/share/apps2/intel-2016/compilers_and_libraries_2016.1.150/linux/tbb/lib/intel64/gcc4.4/:/share/apps2/intel-2016/compilers_and_libraries_2016.1.150/linux/daal/lib/intel64_lin/:/share/apps2/intel-2016/tbb/lib/intel64_lin/gcc4.4/:/share/apps/gnu/gcc-6.4.0/lib/gcc/x86_64-pc-linux-gnu/6.4.0/../../../:/lib/:/usr/lib/
COLLECT_GCC_OPTIONS='-v' '-o' 'cmTryCompileExec3555819294' '-rdynamic' '-shared-libgcc' '-mtune=generic' '-march=x86-64'
 /share/apps/gnu/gcc-6.4.0/libexec/gcc/x86_64-pc-linux-gnu/6.4.0/collect2 --eh-frame-hdr -m elf_x86_64 -export-dynamic -dynamic-linker /lib64/ld-linux-x86-64.so.2 -o cmTryCompileExec3555819294 /usr/lib/../lib64/crt1.o /usr/lib/../lib64/crti.o /share/apps/gnu/gcc-6.4.0/lib/gcc/x86_64-pc-linux-gnu/6.4.0/crtbegin.o -L/share/apps/gnu/gcc-6.4.0/lib/gcc/x86_64-pc-linux-gnu/6.4.0 -L/share/apps/gnu/gcc-6.4.0/lib/gcc/x86_64-pc-linux-gnu/6.4.0/../../../../lib64 -L/lib/../lib64 -L/usr/lib/../lib64 -L/share/apps2/intel-2016/compilers_and_libraries_2016.1.150/linux/ipp/lib/intel64 -L/share/apps2/intel-2016/compilers_and_libraries_2016.1.150/linux/compiler/lib/intel64 -L/share/apps2/intel-2016/compilers_and_libraries_2016.1.150/linux/mkl/lib/intel64 -L/share/apps2/intel-2016/compilers_and_libraries_2016.1.150/linux/tbb/lib/intel64/gcc4.4 -L/share/apps2/intel-2016/compilers_and_libraries_2016.1.150/linux/daal/lib/intel64_lin -L/share/apps2/intel-2016/tbb/lib/intel64_lin/gcc4.4 -L/share/apps/gnu/gcc-6.4.0/lib/gcc/x86_64-pc-linux-gnu/6.4.0/../../.. CMakeFiles/cmTryCompileExec3555819294.dir/CMakeCXXCompilerABI.cpp.o -lstdc++ -lm -lgcc_s -lgcc -lc -lgcc_s -lgcc /share/apps/gnu/gcc-6.4.0/lib/gcc/x86_64-pc-linux-gnu/6.4.0/crtend.o /usr/lib/../lib64/crtn.o
COLLECT_GCC_OPTIONS='-v' '-o' 'cmTryCompileExec3555819294' '-rdynamic' '-shared-libgcc' '-mtune=generic' '-march=x86-64'
gmake[1]: Leaving directory `/home/cchen/matrix/partition/Metis/mt-metis-0.6.0/build/Linux-x86_64/CMakeFiles/CMakeTmp'


Parsed CXX implicit link information from above output:
  link line regex: [^( *|.*[/\])(ld|([^/\]+-)?ld|collect2)[^/\]*( |$)]
  ignore line: [Change Dir: /home/cchen/matrix/partition/Metis/mt-metis-0.6.0/build/Linux-x86_64/CMakeFiles/CMakeTmp]
  ignore line: []
  ignore line: [Run Build Command:/usr/bin/gmake "cmTryCompileExec3555819294/fast"]
  ignore line: [/usr/bin/gmake -f CMakeFiles/cmTryCompileExec3555819294.dir/build.make CMakeFiles/cmTryCompileExec3555819294.dir/build]
  ignore line: [gmake[1]: Entering directory `/home/cchen/matrix/partition/Metis/mt-metis-0.6.0/build/Linux-x86_64/CMakeFiles/CMakeTmp']
  ignore line: [/usr/bin/cmake -E cmake_progress_report /home/cchen/matrix/partition/Metis/mt-metis-0.6.0/build/Linux-x86_64/CMakeFiles/CMakeTmp/CMakeFiles 1]
  ignore line: [Building CXX object CMakeFiles/cmTryCompileExec3555819294.dir/CMakeCXXCompilerABI.cpp.o]
  ignore line: [/share/apps/gnu/gcc-6.4.0/bin/g++     -o CMakeFiles/cmTryCompileExec3555819294.dir/CMakeCXXCompilerABI.cpp.o -c /usr/share/cmake/Modules/CMakeCXXCompilerABI.cpp]
  ignore line: [Linking CXX executable cmTryCompileExec3555819294]
  ignore line: [/usr/bin/cmake -E cmake_link_script CMakeFiles/cmTryCompileExec3555819294.dir/link.txt --verbose=1]
  ignore line: [/share/apps/gnu/gcc-6.4.0/bin/g++      -v CMakeFiles/cmTryCompileExec3555819294.dir/CMakeCXXCompilerABI.cpp.o  -o cmTryCompileExec3555819294 -rdynamic  ]
  ignore line: [Using built-in specs.]
  ignore line: [COLLECT_GCC=/share/apps/gnu/gcc-6.4.0/bin/g++]
  ignore line: [COLLECT_LTO_WRAPPER=/share/apps/gnu/gcc-6.4.0/libexec/gcc/x86_64-pc-linux-gnu/6.4.0/lto-wrapper]
  ignore line: [Target: x86_64-pc-linux-gnu]
  ignore line: [Configured with: ../gcc-6.4.0/configure --prefix=/share/apps/gnu/gcc-6.4.0 --disable-multilib]
  ignore line: [Thread model: posix]
  ignore line: [gcc version 6.4.0 (GCC) ]
  ignore line: [COMPILER_PATH=/share/apps/gnu/gcc-6.4.0/libexec/gcc/x86_64-pc-linux-gnu/6.4.0/:/share/apps/gnu/gcc-6.4.0/libexec/gcc/x86_64-pc-linux-gnu/6.4.0/:/share/apps/gnu/gcc-6.4.0/libexec/gcc/x86_64-pc-linux-gnu/:/share/apps/gnu/gcc-6.4.0/lib/gcc/x86_64-pc-linux-gnu/6.4.0/:/share/apps/gnu/gcc-6.4.0/lib/gcc/x86_64-pc-linux-gnu/]
  ignore line: [LIBRARY_PATH=/share/apps/gnu/gcc-6.4.0/lib/gcc/x86_64-pc-linux-gnu/6.4.0/:/share/apps/gnu/gcc-6.4.0/lib/gcc/x86_64-pc-linux-gnu/6.4.0/../../../../lib64/:/lib/../lib64/:/usr/lib/../lib64/:/share/apps2/intel-2016/compilers_and_libraries_2016.1.150/linux/ipp/lib/intel64/:/share/apps2/intel-2016/compilers_and_libraries_2016.1.150/linux/compiler/lib/intel64/:/share/apps2/intel-2016/compilers_and_libraries_2016.1.150/linux/mkl/lib/intel64/:/share/apps2/intel-2016/compilers_and_libraries_2016.1.150/linux/tbb/lib/intel64/gcc4.4/:/share/apps2/intel-2016/compilers_and_libraries_2016.1.150/linux/daal/lib/intel64_lin/:/share/apps2/intel-2016/tbb/lib/intel64_lin/gcc4.4/:/share/apps/gnu/gcc-6.4.0/lib/gcc/x86_64-pc-linux-gnu/6.4.0/../../../:/lib/:/usr/lib/]
  ignore line: [COLLECT_GCC_OPTIONS='-v' '-o' 'cmTryCompileExec3555819294' '-rdynamic' '-shared-libgcc' '-mtune=generic' '-march=x86-64']
  link line: [ /share/apps/gnu/gcc-6.4.0/libexec/gcc/x86_64-pc-linux-gnu/6.4.0/collect2 --eh-frame-hdr -m elf_x86_64 -export-dynamic -dynamic-linker /lib64/ld-linux-x86-64.so.2 -o cmTryCompileExec3555819294 /usr/lib/../lib64/crt1.o /usr/lib/../lib64/crti.o /share/apps/gnu/gcc-6.4.0/lib/gcc/x86_64-pc-linux-gnu/6.4.0/crtbegin.o -L/share/apps/gnu/gcc-6.4.0/lib/gcc/x86_64-pc-linux-gnu/6.4.0 -L/share/apps/gnu/gcc-6.4.0/lib/gcc/x86_64-pc-linux-gnu/6.4.0/../../../../lib64 -L/lib/../lib64 -L/usr/lib/../lib64 -L/share/apps2/intel-2016/compilers_and_libraries_2016.1.150/linux/ipp/lib/intel64 -L/share/apps2/intel-2016/compilers_and_libraries_2016.1.150/linux/compiler/lib/intel64 -L/share/apps2/intel-2016/compilers_and_libraries_2016.1.150/linux/mkl/lib/intel64 -L/share/apps2/intel-2016/compilers_and_libraries_2016.1.150/linux/tbb/lib/intel64/gcc4.4 -L/share/apps2/intel-2016/compilers_and_libraries_2016.1.150/linux/daal/lib/intel64_lin -L/share/apps2/intel-2016/tbb/lib/intel64_lin/gcc4.4 -L/share/apps/gnu/gcc-6.4.0/lib/gcc/x86_64-pc-linux-gnu/6.4.0/../../.. CMakeFiles/cmTryCompileExec3555819294.dir/CMakeCXXCompilerABI.cpp.o -lstdc++ -lm -lgcc_s -lgcc -lc -lgcc_s -lgcc /share/apps/gnu/gcc-6.4.0/lib/gcc/x86_64-pc-linux-gnu/6.4.0/crtend.o /usr/lib/../lib64/crtn.o]
    arg [/share/apps/gnu/gcc-6.4.0/libexec/gcc/x86_64-pc-linux-gnu/6.4.0/collect2] ==> ignore
    arg [--eh-frame-hdr] ==> ignore
    arg [-m] ==> ignore
    arg [elf_x86_64] ==> ignore
    arg [-export-dynamic] ==> ignore
    arg [-dynamic-linker] ==> ignore
    arg [/lib64/ld-linux-x86-64.so.2] ==> ignore
    arg [-o] ==> ignore
    arg [cmTryCompileExec3555819294] ==> ignore
    arg [/usr/lib/../lib64/crt1.o] ==> ignore
    arg [/usr/lib/../lib64/crti.o] ==> ignore
    arg [/share/apps/gnu/gcc-6.4.0/lib/gcc/x86_64-pc-linux-gnu/6.4.0/crtbegin.o] ==> ignore
    arg [-L/share/apps/gnu/gcc-6.4.0/lib/gcc/x86_64-pc-linux-gnu/6.4.0] ==> dir [/share/apps/gnu/gcc-6.4.0/lib/gcc/x86_64-pc-linux-gnu/6.4.0]
    arg [-L/share/apps/gnu/gcc-6.4.0/lib/gcc/x86_64-pc-linux-gnu/6.4.0/../../../../lib64] ==> dir [/share/apps/gnu/gcc-6.4.0/lib/gcc/x86_64-pc-linux-gnu/6.4.0/../../../../lib64]
    arg [-L/lib/../lib64] ==> dir [/lib/../lib64]
    arg [-L/usr/lib/../lib64] ==> dir [/usr/lib/../lib64]
    arg [-L/share/apps2/intel-2016/compilers_and_libraries_2016.1.150/linux/ipp/lib/intel64] ==> dir [/share/apps2/intel-2016/compilers_and_libraries_2016.1.150/linux/ipp/lib/intel64]
    arg [-L/share/apps2/intel-2016/compilers_and_libraries_2016.1.150/linux/compiler/lib/intel64] ==> dir [/share/apps2/intel-2016/compilers_and_libraries_2016.1.150/linux/compiler/lib/intel64]
    arg [-L/share/apps2/intel-2016/compilers_and_libraries_2016.1.150/linux/mkl/lib/intel64] ==> dir [/share/apps2/intel-2016/compilers_and_libraries_2016.1.150/linux/mkl/lib/intel64]
    arg [-L/share/apps2/intel-2016/compilers_and_libraries_2016.1.150/linux/tbb/lib/intel64/gcc4.4] ==> dir [/share/apps2/intel-2016/compilers_and_libraries_2016.1.150/linux/tbb/lib/intel64/gcc4.4]
    arg [-L/share/apps2/intel-2016/compilers_and_libraries_2016.1.150/linux/daal/lib/intel64_lin] ==> dir [/share/apps2/intel-2016/compilers_and_libraries_2016.1.150/linux/daal/lib/intel64_lin]
    arg [-L/share/apps2/intel-2016/tbb/lib/intel64_lin/gcc4.4] ==> dir [/share/apps2/intel-2016/tbb/lib/intel64_lin/gcc4.4]
    arg [-L/share/apps/gnu/gcc-6.4.0/lib/gcc/x86_64-pc-linux-gnu/6.4.0/../../..] ==> dir [/share/apps/gnu/gcc-6.4.0/lib/gcc/x86_64-pc-linux-gnu/6.4.0/../../..]
    arg [CMakeFiles/cmTryCompileExec3555819294.dir/CMakeCXXCompilerABI.cpp.o] ==> ignore
    arg [-lstdc++] ==> lib [stdc++]
    arg [-lm] ==> lib [m]
    arg [-lgcc_s] ==> lib [gcc_s]
    arg [-lgcc] ==> lib [gcc]
    arg [-lc] ==> lib [c]
    arg [-lgcc_s] ==> lib [gcc_s]
    arg [-lgcc] ==> lib [gcc]
    arg [/share/apps/gnu/gcc-6.4.0/lib/gcc/x86_64-pc-linux-gnu/6.4.0/crtend.o] ==> ignore
    arg [/usr/lib/../lib64/crtn.o] ==> ignore
  remove lib [gcc_s]
  remove lib [gcc]
  remove lib [gcc_s]
  remove lib [gcc]
  collapse library dir [/share/apps/gnu/gcc-6.4.0/lib/gcc/x86_64-pc-linux-gnu/6.4.0] ==> [/share/apps/gnu/gcc-6.4.0/lib/gcc/x86_64-pc-linux-gnu/6.4.0]
  collapse library dir [/share/apps/gnu/gcc-6.4.0/lib/gcc/x86_64-pc-linux-gnu/6.4.0/../../../../lib64] ==> [/share/apps/gnu/gcc-6.4.0/lib64]
  collapse library dir [/lib/../lib64] ==> [/lib64]
  collapse library dir [/usr/lib/../lib64] ==> [/usr/lib64]
  collapse library dir [/share/apps2/intel-2016/compilers_and_libraries_2016.1.150/linux/ipp/lib/intel64] ==> [/share/apps2/intel-2016/compilers_and_libraries_2016.1.150/linux/ipp/lib/intel64]
  collapse library dir [/share/apps2/intel-2016/compilers_and_libraries_2016.1.150/linux/compiler/lib/intel64] ==> [/share/apps2/intel-2016/compilers_and_libraries_2016.1.150/linux/compiler/lib/intel64]
  collapse library dir [/share/apps2/intel-2016/compilers_and_libraries_2016.1.150/linux/mkl/lib/intel64] ==> [/share/apps2/intel-2016/compilers_and_libraries_2016.1.150/linux/mkl/lib/intel64]
  collapse library dir [/share/apps2/intel-2016/compilers_and_libraries_2016.1.150/linux/tbb/lib/intel64/gcc4.4] ==> [/share/apps2/intel-2016/compilers_and_libraries_2016.1.150/linux/tbb/lib/intel64/gcc4.4]
  collapse library dir [/share/apps2/intel-2016/compilers_and_libraries_2016.1.150/linux/daal/lib/intel64_lin] ==> [/share/apps2/intel-2016/compilers_and_libraries_2016.1.150/linux/daal/lib/intel64_lin]
  collapse library dir [/share/apps2/intel-2016/tbb/lib/intel64_lin/gcc4.4] ==> [/share/apps2/intel-2016/tbb/lib/intel64_lin/gcc4.4]
  collapse library dir [/share/apps/gnu/gcc-6.4.0/lib/gcc/x86_64-pc-linux-gnu/6.4.0/../../..] ==> [/share/apps/gnu/gcc-6.4.0/lib]
  implicit libs: [stdc++;m;c]
  implicit dirs: [/share/apps/gnu/gcc-6.4.0/lib/gcc/x86_64-pc-linux-gnu/6.4.0;/share/apps/gnu/gcc-6.4.0/lib64;/lib64;/usr/lib64;/share/apps2/intel-2016/compilers_and_libraries_2016.1.150/linux/ipp/lib/intel64;/share/apps2/intel-2016/compilers_and_libraries_2016.1.150/linux/compiler/lib/intel64;/share/apps2/intel-2016/compilers_and_libraries_2016.1.150/linux/mkl/lib/intel64;/share/apps2/intel-2016/compilers_and_libraries_2016.1.150/linux/tbb/lib/intel64/gcc4.4;/share/apps2/intel-2016/compilers_and_libraries_2016.1.150/linux/daal/lib/intel64_lin;/share/apps2/intel-2016/tbb/lib/intel64_lin/gcc4.4;/share/apps/gnu/gcc-6.4.0/lib]
  implicit fwks: []


Performing C SOURCE FILE Test OpenMP_FLAG_DETECTED succeded with the following output:
Change Dir: /home/cchen/matrix/partition/Metis/mt-metis-0.6.0/build/Linux-x86_64/CMakeFiles/CMakeTmp

Run Build Command:/usr/bin/gmake "cmTryCompileExec3681215437/fast"
/usr/bin/gmake -f CMakeFiles/cmTryCompileExec3681215437.dir/build.make CMakeFiles/cmTryCompileExec3681215437.dir/build
gmake[1]: Entering directory `/home/cchen/matrix/partition/Metis/mt-metis-0.6.0/build/Linux-x86_64/CMakeFiles/CMakeTmp'
/usr/bin/cmake -E cmake_progress_report /home/cchen/matrix/partition/Metis/mt-metis-0.6.0/build/Linux-x86_64/CMakeFiles/CMakeTmp/CMakeFiles 1
Building C object CMakeFiles/cmTryCompileExec3681215437.dir/src.c.o
/share/apps/gnu/gcc-6.4.0/bin/gcc   -DOpenMP_FLAG_DETECTED -fopenmp   -o CMakeFiles/cmTryCompileExec3681215437.dir/src.c.o   -c /home/cchen/matrix/partition/Metis/mt-metis-0.6.0/build/Linux-x86_64/CMakeFiles/CMakeTmp/src.c
Linking C executable cmTryCompileExec3681215437
/usr/bin/cmake -E cmake_link_script CMakeFiles/cmTryCompileExec3681215437.dir/link.txt --verbose=1
/share/apps/gnu/gcc-6.4.0/bin/gcc   -DOpenMP_FLAG_DETECTED -fopenmp    CMakeFiles/cmTryCompileExec3681215437.dir/src.c.o  -o cmTryCompileExec3681215437 -rdynamic 
gmake[1]: Leaving directory `/home/cchen/matrix/partition/Metis/mt-metis-0.6.0/build/Linux-x86_64/CMakeFiles/CMakeTmp'

Source file was:

#include <omp.h>
int main() {
#ifdef _OPENMP
  return 0;
#else
  breaks_on_purpose
#endif
}

Performing C++ SOURCE FILE Test OpenMP_FLAG_DETECTED succeded with the following output:
Change Dir: /home/cchen/matrix/partition/Metis/mt-metis-0.6.0/build/Linux-x86_64/CMakeFiles/CMakeTmp

Run Build Command:/usr/bin/gmake "cmTryCompileExec3573749918/fast"
/usr/bin/gmake -f CMakeFiles/cmTryCompileExec3573749918.dir/build.make CMakeFiles/cmTryCompileExec3573749918.dir/build
gmake[1]: Entering directory `/home/cchen/matrix/partition/Metis/mt-metis-0.6.0/build/Linux-x86_64/CMakeFiles/CMakeTmp'
/usr/bin/cmake -E cmake_progress_report /home/cchen/matrix/partition/Metis/mt-metis-0.6.0/build/Linux-x86_64/CMakeFiles/CMakeTmp/CMakeFiles 1
Building CXX object CMakeFiles/cmTryCompileExec3573749918.dir/src.cxx.o
/share/apps/gnu/gcc-6.4.0/bin/g++    -DOpenMP_FLAG_DETECTED -fopenmp   -o CMakeFiles/cmTryCompileExec3573749918.dir/src.cxx.o -c /home/cchen/matrix/partition/Metis/mt-metis-0.6.0/build/Linux-x86_64/CMakeFiles/CMakeTmp/src.cxx
Linking CXX executable cmTryCompileExec3573749918
/usr/bin/cmake -E cmake_link_script CMakeFiles/cmTryCompileExec3573749918.dir/link.txt --verbose=1
/share/apps/gnu/gcc-6.4.0/bin/g++    -DOpenMP_FLAG_DETECTED -fopenmp    CMakeFiles/cmTryCompileExec3573749918.dir/src.cxx.o  -o cmTryCompileExec3573749918 -rdynamic 
gmake[1]: Leaving directory `/home/cchen/matrix/partition/Metis/mt-metis-0.6.0/build/Linux-x86_64/CMakeFiles/CMakeTmp'

Source file was:

#include <omp.h>
int main() {
#ifdef _OPENMP
  return 0;
#else
  breaks_on_purpose
#endif
}

